# JRE version: Java(TM) SE Runtime Environment (8.0_25-b18) (build 1.8.0_25-b18)
# Java VM: Java HotSpot(TM) Client VM (25.25-b02 mixed mode, sharing windows-x86 )
Heap:
 def new generation   total 4992K, used 0K [0x04800000, 0x04d60000, 0x09d50000)
  eden space 4480K,   0% used [0x04800000, 0x04800000, 0x04c60000)
  from space 512K,   0% used [0x04c60000, 0x04c60010, 0x04ce0000)
  to   space 512K,   0% used [0x04ce0000, 0x04ce0000, 0x04d60000)
 tenured generation   total 15072K, used 12598K [0x09d50000, 0x0ac08000, 0x14800000)
   the space 15072K,  83% used [0x09d50000, 0x0a99dbc8, 0x0a18fa00, 0x0ac08000)
 Metaspace       used 74K, capacity 2274K, committed 2368K, reserved 4480K
GC Heap History (10 events):
Event: 1151.839 GC heap after
Heap after GC invocations=211068 (full 51257):
 def new generation   total 4992K, used 0K [0x04800000, 0x04d60000, 0x09d50000)
  eden space 4480K,   0% used [0x04800000, 0x04800000, 0x04c60000)
  from space 512K,   0% used [0x04ce0000, 0x04ce0038, 0x04d60000)
  to   space 512K,   0% used [0x04c60000, 0x04c60000, 0x04ce0000)
 tenured generation   total 10944K, used 8474K [0x09d50000, 0x0a800000, 0x14800000)
   the space 10944K,  77% used [0x09d50000, 0x0a596a78, 0x0a596c00, 0x0a800000)
 Metaspace       used 74K, capacity 2274K, committed 2368K, reserved 4480K
}
Event: 1151.843 GC heap before
{Heap before GC invocations=211068 (full 51257):
 def new generation   total 4992K, used 4211K [0x04800000, 0x04d60000, 0x09d50000)
  eden space 4480K,  94% used [0x04800000, 0x04c1cfb0, 0x04c60000)
  from space 512K,   0% used [0x04ce0000, 0x04ce0038, 0x04d60000)
  to   space 512K,   0% used [0x04c60000, 0x04c60000, 0x04ce0000)
 tenured generation   total 10944K, used 8474K [0x09d50000, 0x0a800000, 0x14800000)
   the space 10944K,  77% used [0x09d50000, 0x0a596a78, 0x0a596c00, 0x0a800000)
 Metaspace       used 74K, capacity 2274K, committed 2368K, reserved 4480K
Event: 1151.851 GC heap after
Heap after GC invocations=211069 (full 51258):
 def new generation   total 4992K, used 0K [0x04800000, 0x04d60000, 0x09d50000)
  eden space 4480K,   0% used [0x04800000, 0x04800000, 0x04c60000)
  from space 512K,   0% used [0x04c60000, 0x04c60000, 0x04ce0000)
  to   space 512K,   0% used [0x04ce0000, 0x04ce0000, 0x04d60000)
 tenured generation   total 10944K, used 4350K [0x09d50000, 0x0a800000, 0x14800000)
   the space 10944K,  39% used [0x09d50000, 0x0a18f9c0, 0x0a18fa00, 0x0a800000)
 Metaspace       used 74K, capacity 2274K, committed 2368K, reserved 4480K
}
Event: 1151.855 GC heap before
{Heap before GC invocations=211069 (full 51258):
 def new generation   total 4992K, used 4211K [0x04800000, 0x04d60000, 0x09d50000)
  eden space 4480K,  94% used [0x04800000, 0x04c1cfd0, 0x04c60000)
  from space 512K,   0% used [0x04c60000, 0x04c60000, 0x04ce0000)
  to   space 512K,   0% used [0x04ce0000, 0x04ce0000, 0x04d60000)
 tenured generation   total 10944K, used 4350K [0x09d50000, 0x0a800000, 0x14800000)
   the space 10944K,  39% used [0x09d50000, 0x0a18f9c0, 0x0a18fa00, 0x0a800000)
 Metaspace       used 74K, capacity 2274K, committed 2368K, reserved 4480K
Event: 1151.858 GC heap after
Heap after GC invocations=211070 (full 51258):
 def new generation   total 4992K, used 0K [0x04800000, 0x04d60000, 0x09d50000)
  eden space 4480K,   0% used [0x04800000, 0x04800000, 0x04c60000)
  from space 512K,   0% used [0x04ce0000, 0x04ce0038, 0x04d60000)
  to   space 512K,   0% used [0x04c60000, 0x04c60000, 0x04ce0000)
 tenured generation   total 10944K, used 8474K [0x09d50000, 0x0a800000, 0x14800000)
   the space 10944K,  77% used [0x09d50000, 0x0a596aa0, 0x0a596c00, 0x0a800000)
 Metaspace       used 74K, capacity 2274K, committed 2368K, reserved 4480K
}
Event: 1151.861 GC heap before
{Heap before GC invocations=211070 (full 51258):
 def new generation   total 4992K, used 4212K [0x04800000, 0x04d60000, 0x09d50000)
  eden space 4480K,  94% used [0x04800000, 0x04c1cfc8, 0x04c60000)
  from space 512K,   0% used [0x04ce0000, 0x04ce0038, 0x04d60000)
  to   space 512K,   0% used [0x04c60000, 0x04c60000, 0x04ce0000)
 tenured generation   total 10944K, used 8474K [0x09d50000, 0x0a800000, 0x14800000)
   the space 10944K,  77% used [0x09d50000, 0x0a596aa0, 0x0a596c00, 0x0a800000)
 Metaspace       used 74K, capacity 2274K, committed 2368K, reserved 4480K
Event: 1151.868 GC heap after
Heap after GC invocations=211071 (full 51259):
 def new generation   total 4992K, used 0K [0x04800000, 0x04d60000, 0x09d50000)
  eden space 4480K,   0% used [0x04800000, 0x04800000, 0x04c60000)
  from space 512K,   0% used [0x04c60000, 0x04c60000, 0x04ce0000)
  to   space 512K,   0% used [0x04ce0000, 0x04ce0000, 0x04d60000)
 tenured generation   total 10944K, used 4350K [0x09d50000, 0x0a800000, 0x14800000)
   the space 10944K,  39% used [0x09d50000, 0x0a18f9d8, 0x0a18fa00, 0x0a800000)
 Metaspace       used 74K, capacity 2274K, committed 2368K, reserved 4480K
}
Event: 1151.872 GC heap before
{Heap before GC invocations=211071 (full 51259):
 def new generation   total 4992K, used 4211K [0x04800000, 0x04d60000, 0x09d50000)
  eden space 4480K,  94% used [0x04800000, 0x04c1cff0, 0x04c60000)
  from space 512K,   0% used [0x04c60000, 0x04c60000, 0x04ce0000)
  to   space 512K,   0% used [0x04ce0000, 0x04ce0000, 0x04d60000)
 tenured generation   total 10944K, used 4350K [0x09d50000, 0x0a800000, 0x14800000)
   the space 10944K,  39% used [0x09d50000, 0x0a18f9d8, 0x0a18fa00, 0x0a800000)
 Metaspace       used 74K, capacity 2274K, committed 2368K, reserved 4480K
Event: 1151.875 GC heap after
Heap after GC invocations=211072 (full 51259):
 def new generation   total 4992K, used 0K [0x04800000, 0x04d60000, 0x09d50000)
  eden space 4480K,   0% used [0x04800000, 0x04800000, 0x04c60000)
  from space 512K,   0% used [0x04ce0000, 0x04ce0038, 0x04d60000)
  to   space 512K,   0% used [0x04c60000, 0x04c60000, 0x04ce0000)
 tenured generation   total 10944K, used 8474K [0x09d50000, 0x0a800000, 0x14800000)
   the space 10944K,  77% used [0x09d50000, 0x0a596ad8, 0x0a596c00, 0x0a800000)
 Metaspace       used 74K, capacity 2274K, committed 2368K, reserved 4480K
}
Event: 1151.879 GC heap before
{Heap before GC invocations=211072 (full 51259):
 def new generation   total 4992K, used 4212K [0x04800000, 0x04d60000, 0x09d50000)
  eden space 4480K,  94% used [0x04800000, 0x04c1cfe0, 0x04c60000)
  from space 512K,   0% used [0x04ce0000, 0x04ce0038, 0x04d60000)
  to   space 512K,   0% used [0x04c60000, 0x04c60000, 0x04ce0000)
 tenured generation   total 10944K, used 8474K [0x09d50000, 0x0a800000, 0x14800000)
   the space 10944K,  77% used [0x09d50000, 0x0a596ad8, 0x0a596c00, 0x0a800000)
 Metaspace       used 74K, capacity 2274K, committed 2368K, reserved 4480K

